#
# There is insufficient memory for the Java Runtime Environment to continue.
# Native memory allocation (malloc) failed to allocate 1977264 bytes for Chunk::new
# Possible reasons:
#   The system is out of physical RAM or swap space
#   The process is running with CompressedOops enabled, and the Java Heap may be blocking the growth of the native heap
# Possible solutions:
#   Reduce memory load on the system
#   Increase physical memory or swap space
#   Check if swap backing store is full
#   Decrease Java heap size (-Xmx/-Xms)
#   Decrease number of Java threads
#   Decrease Java thread stack sizes (-Xss)
#   Set larger code cache with -XX:ReservedCodeCacheSize=
#   JVM is running with Unscaled Compressed Oops mode in which the Java heap is
#     placed in the first 4GB address space. The Java Heap base address is the
#     maximum limit for the native heap growth. Please use -XX:HeapBaseMinAddress
#     to set the Java Heap base and to place the Java Heap above 4GB virtual address.
# This output file may be truncated or incomplete.
#
#  Out of Memory Error (allocation.cpp:389), pid=9824, tid=0x0000000000001ed0
#
# JRE version: Java(TM) SE Runtime Environment (8.0_231-b11) (build 1.8.0_231-b11)
# Java VM: Java HotSpot(TM) 64-Bit Server VM (25.231-b11 mixed mode windows-amd64 compressed oops)
# Failed to write core dump. Minidumps are not enabled by default on client versions of Windows
#

---------------  T H R E A D  ---------------

Current thread (0x00000000195da800):  JavaThread "C2 CompilerThread1" daemon [_thread_in_native, id=7888, stack(0x0000000019ed0000,0x0000000019fd0000)]

Stack: [0x0000000019ed0000,0x0000000019fd0000]
[error occurred during error reporting (printing stack bounds), id 0xc0000005]

Native frames: (J=compiled Java code, j=interpreted, Vv=VM code, C=native code)


Current CompileTask:
C2:   5827 3674  s    4       java.lang.reflect.Executable::declaredAnnotations (59 bytes)


---------------  P R O C E S S  ---------------

Java Threads: ( => current thread )
  0x000000001d889800 JavaThread "Keep-Alive-Timer" daemon [_thread_blocked, id=3868, stack(0x000000001c410000,0x000000001c510000)]
  0x0000000019672800 JavaThread "Service Thread" daemon [_thread_blocked, id=14816, stack(0x000000001a1d0000,0x000000001a2d0000)]
  0x00000000195e9800 JavaThread "C1 CompilerThread3" daemon [_thread_blocked, id=8384, stack(0x000000001a0d0000,0x000000001a1d0000)]
  0x00000000195dd800 JavaThread "C2 CompilerThread2" daemon [_thread_in_native, id=15536, stack(0x0000000019fd0000,0x000000001a0d0000)]
=>0x00000000195da800 JavaThread "C2 CompilerThread1" daemon [_thread_in_native, id=7888, stack(0x0000000019ed0000,0x0000000019fd0000)]
  0x00000000195d4800 JavaThread "C2 CompilerThread0" daemon [_thread_in_native, id=14132, stack(0x0000000019dd0000,0x0000000019ed0000)]
  0x00000000195d2800 JavaThread "Attach Listener" daemon [_thread_blocked, id=11384, stack(0x0000000019cd0000,0x0000000019dd0000)]
  0x00000000195d2000 JavaThread "Signal Dispatcher" daemon [_thread_blocked, id=8708, stack(0x0000000019bd0000,0x0000000019cd0000)]
  0x00000000176a5800 JavaThread "Finalizer" daemon [_thread_blocked, id=14560, stack(0x00000000199a0000,0x0000000019aa0000)]
  0x000000001769f000 JavaThread "Reference Handler" daemon [_thread_blocked, id=20504, stack(0x00000000194a0000,0x00000000195a0000)]
  0x0000000002668000 JavaThread "main" [_thread_in_vm, id=21072, stack(0x0000000002560000,0x0000000002660000)]

Other Threads:
  0x000000000275e800 VMThread [stack: 0x00000000193a0000,0x00000000194a0000] [id=11096]
  0x00000000196b4800 WatcherThread [stack: 0x000000001a2d0000,0x000000001a3d0000] [id=11628]

VM state:not at safepoint (normal execution)

VM Mutex/Monitor currently owned by a thread: None

heap address: 0x0000000082000000, size: 2016 MB, Compressed Oops mode: 32-bit
Narrow klass base: 0x0000000000000000, Narrow klass shift: 3
Compressed class space size: 1073741824 Address: 0x0000000100000000

Heap:
 PSYoungGen      total 137216K, used 60144K [0x00000000d6000000, 0x00000000e0d80000, 0x0000000100000000)
  eden space 129024K, 46% used [0x00000000d6000000,0x00000000d9abc2d0,0x00000000dde00000)
  from space 8192K, 0% used [0x00000000dde00000,0x00000000dde00000,0x00000000de600000)
  to   space 7680K, 0% used [0x00000000e0600000,0x00000000e0600000,0x00000000e0d80000)
 ParOldGen       total 53760K, used 16426K [0x0000000082000000, 0x0000000085480000, 0x00000000d6000000)
  object space 53760K, 30% used [0x0000000082000000,0x000000008300aae0,0x0000000085480000)
 Metaspace       used 36063K, capacity 37732K, committed 37888K, reserved 1081344K
  class space    used 4732K, capacity 5046K, committed 5120K, reserved 1048576K

Card table byte_map: [0x0000000011b20000,0x0000000011f20000] byte_map_base: 0x0000000011710000

Marking Bits: (ParMarkBitMap*) 0x00000000720e6d90
 Begin Bits: [0x00000000129c0000, 0x0000000014940000)
 End Bits:   [0x0000000014940000, 0x00000000168c0000)

Polling page: 0x00000000024d0000

CodeCache: size=245760Kb used=14495Kb max_used=14495Kb free=231264Kb
 bounds [0x0000000002760000, 0x00000000035a0000, 0x0000000011760000]
 total_blobs=4290 nmethods=3846 adapters=356
 compilation: enabled

Compilation events (10 events):
Event: 5.812 Thread 0x00000000195e9800 3928       3       org.springframework.transaction.annotation.AnnotationTransactionAttributeSource::findTransactionAttribute (6 bytes)
Event: 5.813 Thread 0x00000000195e9800 nmethod 3928 0x00000000028d0750 code [0x00000000028d08c0, 0x00000000028d0a68]
Event: 5.813 Thread 0x00000000195e9800 3929       3       org.springframework.transaction.annotation.AnnotationTransactionAttributeSource::findTransactionAttribute (6 bytes)
Event: 5.813 Thread 0x00000000195e9800 nmethod 3929 0x000000000290e090 code [0x000000000290e200, 0x000000000290e3a8]
Event: 5.814 Thread 0x00000000195e9800 3930       3       sun.reflect.generics.reflectiveObjects.ParameterizedTypeImpl::toString (242 bytes)
Event: 5.816 Thread 0x00000000195e9800 nmethod 3930 0x000000000358a650 code [0x000000000358aa80, 0x000000000358d388]
Event: 5.818 Thread 0x00000000195e9800 3931       3       org.springframework.transaction.interceptor.AbstractFallbackTransactionAttributeSource::computeTransactionAttribute (112 bytes)
Event: 5.820 Thread 0x00000000195e9800 nmethod 3931 0x000000000358e550 code [0x000000000358e8e0, 0x0000000003590e38]
Event: 5.820 Thread 0x00000000195e9800 3932       3       org.springframework.asm.Type::getMethodDescriptor (66 bytes)
Event: 5.821 Thread 0x00000000195e9800 nmethod 3932 0x0000000003591c50 code [0x0000000003591ec0, 0x0000000003592ee8]

GC Heap History (10 events):
Event: 3.154 GC heap before
{Heap before GC invocations=7 (full 1):
 PSYoungGen      total 70656K, used 65536K [0x00000000d6000000, 0x00000000df000000, 0x0000000100000000)
  eden space 65536K, 100% used [0x00000000d6000000,0x00000000da000000,0x00000000da000000)
  from space 5120K, 0% used [0x00000000da000000,0x00000000da000000,0x00000000da500000)
  to   space 8192K, 0% used [0x00000000de800000,0x00000000de800000,0x00000000df000000)
 ParOldGen       total 53760K, used 5782K [0x0000000082000000, 0x0000000085480000, 0x00000000d6000000)
  object space 53760K, 10% used [0x0000000082000000,0x00000000825a59f0,0x0000000085480000)
 Metaspace       used 26883K, capacity 27814K, committed 28160K, reserved 1073152K
  class space    used 3533K, capacity 3753K, committed 3840K, reserved 1048576K
Event: 3.160 GC heap after
Heap after GC invocations=7 (full 1):
 PSYoungGen      total 109568K, used 5998K [0x00000000d6000000, 0x00000000dee00000, 0x0000000100000000)
  eden space 103424K, 0% used [0x00000000d6000000,0x00000000d6000000,0x00000000dc500000)
  from space 6144K, 97% used [0x00000000de800000,0x00000000deddba40,0x00000000dee00000)
  to   space 8192K, 0% used [0x00000000dde00000,0x00000000dde00000,0x00000000de600000)
 ParOldGen       total 53760K, used 5790K [0x0000000082000000, 0x0000000085480000, 0x00000000d6000000)
  object space 53760K, 10% used [0x0000000082000000,0x00000000825a79f0,0x0000000085480000)
 Metaspace       used 26883K, capacity 27814K, committed 28160K, reserved 1073152K
  class space    used 3533K, capacity 3753K, committed 3840K, reserved 1048576K
}
Event: 3.453 GC heap before
{Heap before GC invocations=8 (full 1):
 PSYoungGen      total 109568K, used 109422K [0x00000000d6000000, 0x00000000dee00000, 0x0000000100000000)
  eden space 103424K, 100% used [0x00000000d6000000,0x00000000dc500000,0x00000000dc500000)
  from space 6144K, 97% used [0x00000000de800000,0x00000000deddba40,0x00000000dee00000)
  to   space 8192K, 0% used [0x00000000dde00000,0x00000000dde00000,0x00000000de600000)
 ParOldGen       total 53760K, used 5790K [0x0000000082000000, 0x0000000085480000, 0x00000000d6000000)
  object space 53760K, 10% used [0x0000000082000000,0x00000000825a79f0,0x0000000085480000)
 Metaspace       used 28339K, capacity 29320K, committed 29568K, reserved 1075200K
  class space    used 3687K, capacity 3900K, committed 3968K, reserved 1048576K
Event: 3.459 GC heap after
Heap after GC invocations=8 (full 1):
 PSYoungGen      total 137216K, used 6359K [0x00000000d6000000, 0x00000000e0d80000, 0x0000000100000000)
  eden space 129024K, 0% used [0x00000000d6000000,0x00000000d6000000,0x00000000dde00000)
  from space 8192K, 77% used [0x00000000dde00000,0x00000000de435c28,0x00000000de600000)
  to   space 7680K, 0% used [0x00000000e0600000,0x00000000e0600000,0x00000000e0d80000)
 ParOldGen       total 53760K, used 5798K [0x0000000082000000, 0x0000000085480000, 0x00000000d6000000)
  object space 53760K, 10% used [0x0000000082000000,0x00000000825a99f0,0x0000000085480000)
 Metaspace       used 28339K, capacity 29320K, committed 29568K, reserved 1075200K
  class space    used 3687K, capacity 3900K, committed 3968K, reserved 1048576K
}
Event: 4.805 GC heap before
{Heap before GC invocations=9 (full 1):
 PSYoungGen      total 137216K, used 135383K [0x00000000d6000000, 0x00000000e0d80000, 0x0000000100000000)
  eden space 129024K, 100% used [0x00000000d6000000,0x00000000dde00000,0x00000000dde00000)
  from space 8192K, 77% used [0x00000000dde00000,0x00000000de435c28,0x00000000de600000)
  to   space 7680K, 0% used [0x00000000e0600000,0x00000000e0600000,0x00000000e0d80000)
 ParOldGen       total 53760K, used 5798K [0x0000000082000000, 0x0000000085480000, 0x00000000d6000000)
  object space 53760K, 10% used [0x0000000082000000,0x00000000825a99f0,0x0000000085480000)
 Metaspace       used 33302K, capacity 34568K, committed 34944K, reserved 1079296K
  class space    used 4385K, capacity 4638K, committed 4736K, reserved 1048576K
Event: 4.832 GC heap after
Heap after GC invocations=9 (full 1):
 PSYoungGen      total 136704K, used 7665K [0x00000000d6000000, 0x00000000e0d80000, 0x0000000100000000)
  eden space 129024K, 0% used [0x00000000d6000000,0x00000000d6000000,0x00000000dde00000)
  from space 7680K, 99% used [0x00000000e0600000,0x00000000e0d7c740,0x00000000e0d80000)
  to   space 8192K, 0% used [0x00000000dde00000,0x00000000dde00000,0x00000000de600000)
 ParOldGen       total 53760K, used 15141K [0x0000000082000000, 0x0000000085480000, 0x00000000d6000000)
  object space 53760K, 28% used [0x0000000082000000,0x0000000082ec9518,0x0000000085480000)
 Metaspace       used 33302K, capacity 34568K, committed 34944K, reserved 1079296K
  class space    used 4385K, capacity 4638K, committed 4736K, reserved 1048576K
}
Event: 5.120 GC heap before
{Heap before GC invocations=10 (full 1):
 PSYoungGen      total 136704K, used 23091K [0x00000000d6000000, 0x00000000e0d80000, 0x0000000100000000)
  eden space 129024K, 11% used [0x00000000d6000000,0x00000000d6f10748,0x00000000dde00000)
  from space 7680K, 99% used [0x00000000e0600000,0x00000000e0d7c740,0x00000000e0d80000)
  to   space 8192K, 0% used [0x00000000dde00000,0x00000000dde00000,0x00000000de600000)
 ParOldGen       total 53760K, used 15141K [0x0000000082000000, 0x0000000085480000, 0x00000000d6000000)
  object space 53760K, 28% used [0x0000000082000000,0x0000000082ec9518,0x0000000085480000)
 Metaspace       used 34127K, capacity 35374K, committed 35456K, reserved 1079296K
  class space    used 4462K, capacity 4735K, committed 4736K, reserved 1048576K
Event: 5.130 GC heap after
Heap after GC invocations=10 (full 1):
 PSYoungGen      total 137216K, used 6314K [0x00000000d6000000, 0x00000000e0d80000, 0x0000000100000000)
  eden space 129024K, 0% used [0x00000000d6000000,0x00000000d6000000,0x00000000dde00000)
  from space 8192K, 77% used [0x00000000dde00000,0x00000000de42a878,0x00000000de600000)
  to   space 7680K, 0% used [0x00000000e0600000,0x00000000e0600000,0x00000000e0d80000)
 ParOldGen       total 53760K, used 17314K [0x0000000082000000, 0x0000000085480000, 0x00000000d6000000)
  object space 53760K, 32% used [0x0000000082000000,0x00000000830e8830,0x0000000085480000)
 Metaspace       used 34127K, capacity 35374K, committed 35456K, reserved 1079296K
  class space    used 4462K, capacity 4735K, committed 4736K, reserved 1048576K
}
Event: 5.130 GC heap before
{Heap before GC invocations=11 (full 2):
 PSYoungGen      total 137216K, used 6314K [0x00000000d6000000, 0x00000000e0d80000, 0x0000000100000000)
  eden space 129024K, 0% used [0x00000000d6000000,0x00000000d6000000,0x00000000dde00000)
  from space 8192K, 77% used [0x00000000dde00000,0x00000000de42a878,0x00000000de600000)
  to   space 7680K, 0% used [0x00000000e0600000,0x00000000e0600000,0x00000000e0d80000)
 ParOldGen       total 53760K, used 17314K [0x0000000082000000, 0x0000000085480000, 0x00000000d6000000)
  object space 53760K, 32% used [0x0000000082000000,0x00000000830e8830,0x0000000085480000)
 Metaspace       used 34127K, capacity 35374K, committed 35456K, reserved 1079296K
  class space    used 4462K, capacity 4735K, committed 4736K, reserved 1048576K
Event: 5.190 GC heap after
Heap after GC invocations=11 (full 2):
 PSYoungGen      total 137216K, used 0K [0x00000000d6000000, 0x00000000e0d80000, 0x0000000100000000)
  eden space 129024K, 0% used [0x00000000d6000000,0x00000000d6000000,0x00000000dde00000)
  from space 8192K, 0% used [0x00000000dde00000,0x00000000dde00000,0x00000000de600000)
  to   space 7680K, 0% used [0x00000000e0600000,0x00000000e0600000,0x00000000e0d80000)
 ParOldGen       total 53760K, used 16426K [0x0000000082000000, 0x0000000085480000, 0x00000000d6000000)
  object space 53760K, 30% used [0x0000000082000000,0x000000008300aae0,0x0000000085480000)
 Metaspace       used 34127K, capacity 35374K, committed 35456K, reserved 1079296K
  class space    used 4462K, capacity 4735K, committed 4736K, reserved 1048576K
}

Deoptimization events (10 events):
Event: 5.335 Thread 0x0000000002668000 Uncommon trap: reason=unloaded action=reinterpret pc=0x0000000003171454 method=java.lang.Class.createAnnotationData(I)Ljava/lang/Class$AnnotationData; @ 98
Event: 5.398 Thread 0x0000000002668000 Uncommon trap: reason=unstable_if action=reinterpret pc=0x0000000002e8f1d4 method=java.lang.reflect.Method.equals(Ljava/lang/Object;)Z @ 1
Event: 5.433 Thread 0x0000000002668000 Uncommon trap: reason=unstable_if action=reinterpret pc=0x00000000034c0934 method=org.springframework.beans.factory.support.AbstractBeanFactory.isTypeMatch(Ljava/lang/String;Lorg/springframework/core/ResolvableType;)Z @ 508
Event: 5.484 Thread 0x0000000002668000 Uncommon trap: reason=unstable_if action=reinterpret pc=0x000000000301bb5c method=java.io.WinNTFileSystem.isLetter(C)Z @ 3
Event: 5.566 Thread 0x0000000002668000 Uncommon trap: reason=class_check action=maybe_recompile pc=0x00000000033e4bf0 method=org.springframework.boot.context.properties.source.SpringConfigurationPropertySources$SourcesIterator.fetchNext()Lorg/springframework/boot/context/properties/source/Conf
Event: 5.567 Thread 0x0000000002668000 Uncommon trap: reason=class_check action=maybe_recompile pc=0x00000000033e4bf0 method=org.springframework.boot.context.properties.source.SpringConfigurationPropertySources$SourcesIterator.fetchNext()Lorg/springframework/boot/context/properties/source/Conf
Event: 5.567 Thread 0x0000000002668000 Uncommon trap: reason=class_check action=maybe_recompile pc=0x00000000033e4bf0 method=org.springframework.boot.context.properties.source.SpringConfigurationPropertySources$SourcesIterator.fetchNext()Lorg/springframework/boot/context/properties/source/Conf
Event: 5.567 Thread 0x0000000002668000 Uncommon trap: reason=class_check action=maybe_recompile pc=0x00000000033e4bf0 method=org.springframework.boot.context.properties.source.SpringConfigurationPropertySources$SourcesIterator.fetchNext()Lorg/springframework/boot/context/properties/source/Conf
Event: 5.749 Thread 0x0000000002668000 Uncommon trap: reason=unstable_if action=reinterpret pc=0x0000000002f55260 method=java.util.Properties$LineReader.readLine()I @ 180
Event: 5.749 Thread 0x0000000002668000 Uncommon trap: reason=unstable_if action=reinterpret pc=0x0000000002f49a30 method=java.util.Properties$LineReader.readLine()I @ 180

Classes redefined (0 events):
No events

Internal exceptions (10 events):
Event: 5.814 Thread 0x0000000002668000 Exception <a 'java/lang/ClassNotFoundException': java/lang/ObjectCustomizer> (0x00000000d9838628) thrown at [C:\re\workspace\8-2-build-windows-amd64-cygwin\jdk8u231\13620\hotspot\src\share\vm\classfile\systemDictionary.cpp, line 210]
Event: 5.815 Thread 0x0000000002668000 Exception <a 'java/lang/ClassNotFoundException': org/springframework/boot/autoconfigure/web/servlet/error/ErrorMvcAutoConfigurationCustomizer> (0x00000000d986cc90) thrown at [C:\re\workspace\8-2-build-windows-amd64-cygwin\jdk8u231\13620\hotspot\src\share\
Event: 5.816 Thread 0x0000000002668000 Exception <a 'java/lang/ClassNotFoundException': org/springframework/boot/autoconfigure/web/servlet/error/ErrorMvcAutoConfiguration$$EnhancerBySpringCGLIB$$26105eb3Customizer> (0x00000000d98af628) thrown at [C:\re\workspace\8-2-build-windows-amd64-cygwin\
Event: 5.817 Thread 0x0000000002668000 Exception <a 'java/lang/ClassNotFoundException': org/springframework/context/annotation/ConfigurationClassEnhancer$EnhancedConfigurationCustomizer> (0x00000000d98ec940) thrown at [C:\re\workspace\8-2-build-windows-amd64-cygwin\jdk8u231\13620\hotspot\src\s
Event: 5.817 Thread 0x0000000002668000 Exception <a 'java/lang/ClassNotFoundException': org/springframework/beans/factory/BeanFactoryAwareCustomizer> (0x00000000d990fda8) thrown at [C:\re\workspace\8-2-build-windows-amd64-cygwin\jdk8u231\13620\hotspot\src\share\vm\classfile\systemDictionary.cp
Event: 5.817 Thread 0x0000000002668000 Exception <a 'java/lang/ClassNotFoundException': org/springframework/beans/factory/AwareCustomizer> (0x00000000d992f588) thrown at [C:\re\workspace\8-2-build-windows-amd64-cygwin\jdk8u231\13620\hotspot\src\share\vm\classfile\systemDictionary.cpp, line 210
Event: 5.821 Thread 0x0000000002668000 Exception <a 'java/lang/ClassNotFoundException': java/lang/ObjectCustomizer> (0x00000000d99b7cd8) thrown at [C:\re\workspace\8-2-build-windows-amd64-cygwin\jdk8u231\13620\hotspot\src\share\vm\classfile\systemDictionary.cpp, line 210]
Event: 5.822 Thread 0x0000000002668000 Exception <a 'java/lang/ClassNotFoundException': org/springframework/boot/autoconfigure/web/servlet/error/ErrorMvcAutoConfiguration$ErrorPageCustomizerCustomizer> (0x00000000d99f4ba8) thrown at [C:\re\workspace\8-2-build-windows-amd64-cygwin\jdk8u231\1362
Event: 5.823 Thread 0x0000000002668000 Exception <a 'java/lang/ClassNotFoundException': org/springframework/boot/web/server/ErrorPageRegistrarCustomizer> (0x00000000d9a1de50) thrown at [C:\re\workspace\8-2-build-windows-amd64-cygwin\jdk8u231\13620\hotspot\src\share\vm\classfile\systemDictionar
Event: 5.824 Thread 0x0000000002668000 Exception <a 'java/lang/ClassNotFoundException': org/springframework/core/OrderedCustomizer> (0x00000000d9a39448) thrown at [C:\re\workspace\8-2-build-windows-amd64-cygwin\jdk8u231\13620\hotspot\src\share\vm\classfile\systemDictionary.cpp, line 210]

Events (10 events):
Event: 5.823 loading class org/springframework/boot/web/server/ErrorPageRegistrarCustomizer
Event: 5.823 loading class org/springframework/boot/web/server/ErrorPageRegistrarCustomizer done
Event: 5.823 loading class org/springframework/boot/web/server/ErrorPageRegistrarCustomizer
Event: 5.823 loading class org/springframework/boot/web/server/ErrorPageRegistrarCustomizer done
Event: 5.823 loading class org/springframework/core/OrderedCustomizer
Event: 5.823 loading class org/springframework/core/OrderedCustomizer done
Event: 5.824 loading class org/springframework/core/OrderedCustomizer
Event: 5.824 loading class org/springframework/core/OrderedCustomizer done
Event: 5.824 loading class org/springframework/core/OrderedCustomizer
Event: 5.824 loading class org/springframework/core/OrderedCustomizer done


Dynamic libraries:
0x00007ff65a240000 - 0x00007ff65a277000 	C:\Program Files\Java\jre1.8.0_231\bin\javaw.exe
0x00007ff99a400000 - 0x00007ff99a5f0000 	C:\Windows\SYSTEM32\ntdll.dll
0x00007ff967580000 - 0x00007ff967595000 	C:\Program Files\AVAST Software\Avast\aswhook.dll
0x00007ff999e70000 - 0x00007ff999f22000 	C:\Windows\System32\KERNEL32.DLL
0x00007ff997390000 - 0x00007ff997633000 	C:\Windows\System32\KERNELBASE.dll
0x00007ff999ca0000 - 0x00007ff999d43000 	C:\Windows\System32\ADVAPI32.dll
0x00007ff99a320000 - 0x00007ff99a3be000 	C:\Windows\System32\msvcrt.dll
0x00007ff999320000 - 0x00007ff9993b7000 	C:\Windows\System32\sechost.dll
0x00007ff999d50000 - 0x00007ff999e70000 	C:\Windows\System32\RPCRT4.dll
0x00007ff998c90000 - 0x00007ff998e24000 	C:\Windows\System32\USER32.dll
0x00007ff998380000 - 0x00007ff9983a1000 	C:\Windows\System32\win32u.dll
0x00007ff999290000 - 0x00007ff9992b6000 	C:\Windows\System32\GDI32.dll
0x00007ff997740000 - 0x00007ff9978d4000 	C:\Windows\System32\gdi32full.dll
0x00007ff998230000 - 0x00007ff9982ce000 	C:\Windows\System32\msvcp_win.dll
0x00007ff997640000 - 0x00007ff99773a000 	C:\Windows\System32\ucrtbase.dll
0x00007ff98d050000 - 0x00007ff98d2d5000 	C:\Windows\WinSxS\amd64_microsoft.windows.common-controls_6595b64144ccf1df_6.0.18362.720_none_e6beb5c51314836b\COMCTL32.dll
0x00007ff999960000 - 0x00007ff999c96000 	C:\Windows\System32\combase.dll
0x00007ff9981b0000 - 0x00007ff998230000 	C:\Windows\System32\bcryptPrimitives.dll
0x00007ff999260000 - 0x00007ff99928e000 	C:\Windows\System32\IMM32.DLL
0x00000000725c0000 - 0x0000000072692000 	C:\Program Files\Java\jre1.8.0_231\bin\msvcr100.dll
0x00000000718c0000 - 0x0000000072166000 	C:\Program Files\Java\jre1.8.0_231\bin\server\jvm.dll
0x00007ff998fc0000 - 0x00007ff998fc8000 	C:\Windows\System32\PSAPI.DLL
0x00007ff986f40000 - 0x00007ff986f49000 	C:\Windows\SYSTEM32\WSOCK32.dll
0x00007ff9993c0000 - 0x00007ff99942f000 	C:\Windows\System32\WS2_32.dll
0x00007ff993c00000 - 0x00007ff993c24000 	C:\Windows\SYSTEM32\WINMM.dll
0x00007ff98ddf0000 - 0x00007ff98ddfa000 	C:\Windows\SYSTEM32\VERSION.dll
0x00007ff993bd0000 - 0x00007ff993bfd000 	C:\Windows\SYSTEM32\WINMMBASE.dll
0x00007ff998460000 - 0x00007ff9984aa000 	C:\Windows\System32\cfgmgr32.dll
0x00007ff992b80000 - 0x00007ff992b8f000 	C:\Program Files\Java\jre1.8.0_231\bin\verify.dll
0x00007ff972bb0000 - 0x00007ff972bd9000 	C:\Program Files\Java\jre1.8.0_231\bin\java.dll
0x00007ff98ea90000 - 0x00007ff98eaa6000 	C:\Program Files\Java\jre1.8.0_231\bin\zip.dll
0x00007ff998520000 - 0x00007ff998c05000 	C:\Windows\System32\SHELL32.dll
0x00007ff9998b0000 - 0x00007ff999959000 	C:\Windows\System32\shcore.dll
0x00007ff9978e0000 - 0x00007ff998060000 	C:\Windows\System32\windows.storage.dll
0x00007ff997340000 - 0x00007ff997363000 	C:\Windows\System32\profapi.dll
0x00007ff9972d0000 - 0x00007ff99731a000 	C:\Windows\System32\powrprof.dll
0x00007ff9972c0000 - 0x00007ff9972d0000 	C:\Windows\System32\UMPDC.dll
0x00007ff99a070000 - 0x00007ff99a0c2000 	C:\Windows\System32\shlwapi.dll
0x00007ff997370000 - 0x00007ff997381000 	C:\Windows\System32\kernel.appcore.dll
0x00007ff998360000 - 0x00007ff998377000 	C:\Windows\System32\cryptsp.dll
0x00007ff98adb0000 - 0x00007ff98adca000 	C:\Program Files\Java\jre1.8.0_231\bin\net.dll
0x00007ff996b30000 - 0x00007ff996b97000 	C:\Windows\system32\mswsock.dll
0x00007ff996840000 - 0x00007ff99687a000 	C:\Windows\SYSTEM32\IPHLPAPI.DLL
0x00007ff999430000 - 0x00007ff999438000 	C:\Windows\System32\NSI.dll
0x00007ff990c00000 - 0x00007ff990c16000 	C:\Windows\SYSTEM32\dhcpcsvc6.DLL
0x00007ff990c20000 - 0x00007ff990c3c000 	C:\Windows\SYSTEM32\dhcpcsvc.DLL
0x00007ff996880000 - 0x00007ff99694a000 	C:\Windows\SYSTEM32\DNSAPI.dll
0x00007ff98e8f0000 - 0x00007ff98e8fa000 	C:\Windows\System32\rasadhlp.dll
0x00007ff9909e0000 - 0x00007ff990a57000 	C:\Windows\System32\fwpuclnt.dll
0x00007ff998330000 - 0x00007ff998356000 	C:\Windows\System32\bcrypt.dll
0x00007ff992080000 - 0x00007ff99208d000 	C:\Program Files\Java\jre1.8.0_231\bin\management.dll
0x00007ff971bf0000 - 0x00007ff971c06000 	C:\Windows\system32\napinsp.dll
0x00007ff971bd0000 - 0x00007ff971bea000 	C:\Windows\system32\pnrpnsp.dll
0x00007ff971bc0000 - 0x00007ff971bce000 	C:\Windows\System32\winrnr.dll
0x00007ff993f20000 - 0x00007ff993f3c000 	C:\Windows\system32\NLAapi.dll
0x00007ff971ba0000 - 0x00007ff971bb5000 	C:\Windows\system32\wshbth.dll
0x00007ff98a220000 - 0x00007ff98a232000 	C:\Program Files\Java\jre1.8.0_231\bin\nio.dll

VM Arguments:
jvm_args: -Dfile.encoding=UTF-8 
java_command: org.sid.SeviceCompanyApplication
java_class_path (initial): C:\Users\LENOVO\Desktop\microserviceArchitect\sevice-company\target\classes;C:\Users\LENOVO\.m2\repository\org\springframework\boot\spring-boot-starter-actuator\2.1.13.RELEASE\spring-boot-starter-actuator-2.1.13.RELEASE.jar;C:\Users\LENOVO\.m2\repository\org\springframework\boot\spring-boot-starter\2.1.13.RELEASE\spring-boot-starter-2.1.13.RELEASE.jar;C:\Users\LENOVO\.m2\repository\org\springframework\boot\spring-boot\2.1.13.RELEASE\spring-boot-2.1.13.RELEASE.jar;C:\Users\LENOVO\.m2\repository\org\springframework\boot\spring-boot-autoconfigure\2.1.13.RELEASE\spring-boot-autoconfigure-2.1.13.RELEASE.jar;C:\Users\LENOVO\.m2\repository\org\springframework\boot\spring-boot-starter-logging\2.1.13.RELEASE\spring-boot-starter-logging-2.1.13.RELEASE.jar;C:\Users\LENOVO\.m2\repository\ch\qos\logback\logback-classic\1.2.3\logback-classic-1.2.3.jar;C:\Users\LENOVO\.m2\repository\ch\qos\logback\logback-core\1.2.3\logback-core-1.2.3.jar;C:\Users\LENOVO\.m2\repository\org\apache\logging\log4j\log4j-to-slf4j\2.11.2\log4j-to-slf4j-2.11.2.jar;C:\Users\LENOVO\.m2\repository\org\apache\logging\log4j\log4j-api\2.11.2\log4j-api-2.11.2.jar;C:\Users\LENOVO\.m2\repository\org\slf4j\jul-to-slf4j\1.7.30\jul-to-slf4j-1.7.30.jar;C:\Users\LENOVO\.m2\repository\javax\annotation\javax.annotation-api\1.3.2\javax.annotation-api-1.3.2.jar;C:\Users\LENOVO\.m2\repository\org\yaml\snakeyaml\1.23\snakeyaml-1.23.jar;C:\Users\LENOVO\.m2\repository\org\springframework\boot\spring-boot-actuator-autoconfigure\2.1.13.RELEASE\spring-boot-actuator-autoconfigure-2.1.13.RELEASE.jar;C:\Users\LENOVO\.m2\repository\org\springframework\boot\spring-boot-actuator\2.1.13.RELEASE\spring-boot-actuator-2.1.13.RELEASE.jar;C:\Users\LENOVO\.m2\repository\org\springframework\spring-context\5.1.14.RELEASE\spring-context-5.1.14.RELEASE.jar;C:\Users\LENOVO\.m2\repository\com\fasterxml\jackson\datatype\jackson-datatype-jsr310\2.9.10\jackson-datatype-jsr310-2.9.10.jar;C:\Users\LENOVO\.m2\repository\io\m
Launcher Type: SUN_STANDARD

Environment Variables:
PATH=C:/Program Files/Java/jre1.8.0_231/bin/server;C:/Program Files/Java/jre1.8.0_231/bin;C:/Program Files/Java/jre1.8.0_231/lib/amd64;C:\Program Files (x86)\Common Files\Oracle\Java\javapath;C:\Windows\system32;C:\Windows;C:\Windows\System32\Wbem;C:\Windows\System32\WindowsPowerShell\v1.0\;C:\Windows\System32\OpenSSH\;C:\Program Files\Git\cmd;C:\xampp\php;C:\Program Files\nodejs\;C:\composer;C:\Users\LENOVO\AppData\Local\Microsoft\WindowsApps;C:\Users\LENOVO\AppData\Local\Programs\Microsoft VS Code\bin;C:\Users\LENOVO\AppData\Roaming\Composer\vendor\bin;C:\Users\LENOVO\AppData\Roaming\npm;C:\gradle-6.0.1\bin;C:\Users\LENOVO\AppData\Roaming\Composer\vendor\bin;;C:\Users\LENOVO\Desktop;
USERNAME=LENOVO
OS=Windows_NT
PROCESSOR_IDENTIFIER=Intel64 Family 6 Model 142 Stepping 10, GenuineIntel



---------------  S Y S T E M  ---------------

OS: Windows 10.0 , 64 bit Build 18362 (10.0.18362.329)

CPU:total 8 (initial active 8) (4 cores per cpu, 2 threads per core) family 6 model 142 stepping 10, cmov, cx8, fxsr, mmx, sse, sse2, sse3, ssse3, sse4.1, sse4.2, popcnt, avx, avx2, aes, clmul, erms, 3dnowpref, lzcnt, ht, tsc, tscinvbit, bmi1, bmi2, adx

Memory: 4k page, physical 8251788k(672608k free), swap 12446092k(5184k free)

vm_info: Java HotSpot(TM) 64-Bit Server VM (25.231-b11) for windows-amd64 JRE (1.8.0_231-b11), built on Oct  5 2019 03:11:30 by "java_re" with MS VC++ 10.0 (VS2010)

time: Sun Mar 29 00:17:12 2020
timezone: Paris, Madrid
elapsed time: 5 seconds (0d 0h 0m 5s)

